<?xml version="1.0" encoding="UTF-8"?>
<!-- Generated by org.testng.reporters.JUnitReportReporter -->
<testsuite hostname="DESKTOP-JEEIR2S" failures="0" tests="1" name="P1.Scriptw" time="38.535" errors="0" timestamp="2023-07-31T11:15:19 IST" skipped="0">
  <testcase classname="P1.Scriptw" name="testing" time="38.535"/>
  <system-out/>
</testsuite> <!-- P1.Scriptw -->
